<?xml version="1.0" encoding="UTF-8"?>
<!-- Generated by org.testng.reporters.JUnitXMLReporter -->
<testsuite hostname="LP-R901072W" ignored="0" name="Default test" tests="3" failures="0" timestamp="30 Nov 2017 12:30:51 GMT" time="35.152" errors="0">
  <testcase name="loginToWay2Automation" time="15.182" classname="com.way2AutomationComponents.DragAndDropControls"/>
  <testcase name="DraggableBox" time="2.67" classname="com.way2AutomationComponents.DragAndDropControls"/>
  <testcase name="DroppableBox" time="7.088" classname="com.way2AutomationComponents.DragAndDropControls"/>
</testsuite> <!-- Default test -->
