<?xml version="1.0" encoding="UTF-8"?>
<!-- Generated by org.testng.reporters.JUnitXMLReporter -->
<testsuite hostname="DS-C101AA553646" ignored="0" name="Default test" tests="1" failures="0" timestamp="22 Dec 2017 11:39:04 GMT" time="0.07" errors="0">
  <testcase name="@BeforeClass setUp" time="0.0" classname="com.common.BaseTest">
    <failure type="org.testng.TestNGException" message="
Parameter &amp;apos;browser&amp;apos; is required by BeforeClass on method setUp but has not been marked @Optional or defined
in D:\Users\INNOVATION LAB\AppData\Local\Temp\testng-eclipse-608041647\testng-customsuite.xml">
      <![CDATA[org.testng.TestNGException: Parameter 'browser' is required by BeforeClass on method setUp but has not been marked @Optional or definedin D:\Users\INNOVATION LAB\AppData\Local\Temp\testng-eclipse-608041647\testng-customsuite.xmlat org.testng.internal.Parameters.createParams(Parameters.java:290)at org.testng.internal.Parameters.createParametersForMethod(Parameters.java:359)at org.testng.internal.Parameters.createParameters(Parameters.java:620)at org.testng.internal.Parameters.createConfigurationParameters(Parameters.java:190)at org.testng.internal.Invoker.invokeConfigurations(Invoker.java:209)at org.testng.internal.Invoker.invokeConfigurations(Invoker.java:142)at org.testng.internal.TestMethodWorker.invokeBeforeClassMethods(TestMethodWorker.java:163)at org.testng.internal.TestMethodWorker.run(TestMethodWorker.java:105)at org.testng.TestRunner.privateRun(TestRunner.java:648)at org.testng.TestRunner.run(TestRunner.java:505)at org.testng.SuiteRunner.runTest(SuiteRunner.java:455)at org.testng.SuiteRunner.runSequentially(SuiteRunner.java:450)at org.testng.SuiteRunner.privateRun(SuiteRunner.java:415)at org.testng.SuiteRunner.run(SuiteRunner.java:364)at org.testng.SuiteRunnerWorker.runSuite(SuiteRunnerWorker.java:52)at org.testng.SuiteRunnerWorker.run(SuiteRunnerWorker.java:84)at org.testng.TestNG.runSuitesSequentially(TestNG.java:1187)at org.testng.TestNG.runSuitesLocally(TestNG.java:1116)at org.testng.TestNG.runSuites(TestNG.java:1028)at org.testng.TestNG.run(TestNG.java:996)at org.testng.remote.AbstractRemoteTestNG.run(AbstractRemoteTestNG.java:114)at org.testng.remote.RemoteTestNG.initAndRun(RemoteTestNG.java:251)at org.testng.remote.RemoteTestNG.main(RemoteTestNG.java:77)]]>
    </failure>
  </testcase> <!-- @BeforeClass setUp -->
  <testcase name="VerifyCILHomePageComponents" time="0.0" classname="com.cil.ui.TestCILPortal">
    <skipped/>
  </testcase> <!-- VerifyCILHomePageComponents -->
</testsuite> <!-- Default test -->
