<?xml version="1.0" encoding="UTF-8"?>
<!-- Generated by org.testng.reporters.JUnitXMLReporter -->
<testsuite hostname="LP-5CD6290PDX" ignored="0" name="Framework Test Suite" tests="5" failures="3" timestamp="21 Dec 2017 06:59:34 GMT" time="0.076" errors="0">
  <testcase name="AutocompleteBox" time="0.022" classname="com.way2AutomationComponents.AutoComplete">
    <failure type="java.lang.NullPointerException">
      <![CDATA[java.lang.NullPointerExceptionat com.google.common.base.Preconditions.checkNotNull(Preconditions.java:787)at org.openqa.selenium.interactions.Actions.<init>(Actions.java:68)at com.way2AutomationComponents.AutoComplete.AutocompleteBox(AutoComplete.java:20)... Removed 25 stack frames]]>
    </failure>
  </testcase> <!-- AutocompleteBox -->
  <testcase name="launchDatePickerControls" time="0.001" classname="com.way2AutomationComponents.DatePicker">
    <failure type="java.lang.NullPointerException">
      <![CDATA[java.lang.NullPointerExceptionat com.google.common.base.Preconditions.checkNotNull(Preconditions.java:787)at org.openqa.selenium.interactions.Actions.<init>(Actions.java:68)at com.way2AutomationComponents.DatePicker.launchDatePickerControls(DatePicker.java:34)... Removed 25 stack frames]]>
    </failure>
  </testcase> <!-- launchDatePickerControls -->
  <testcase name="defaultCalendar" time="0.0" classname="com.way2AutomationComponents.DatePicker">
    <skipped/>
  </testcase> <!-- defaultCalendar -->
  <testcase name="DraggableBox" time="0.001" classname="com.way2AutomationComponents.DragAndDropControls">
    <failure type="java.lang.NullPointerException">
      <![CDATA[java.lang.NullPointerExceptionat com.google.common.base.Preconditions.checkNotNull(Preconditions.java:787)at org.openqa.selenium.interactions.Actions.<init>(Actions.java:68)at com.way2AutomationComponents.DragAndDropControls.DraggableBox(DragAndDropControls.java:54)... Removed 25 stack frames]]>
    </failure>
  </testcase> <!-- DraggableBox -->
  <testcase name="DroppableBox" time="0.0" classname="com.way2AutomationComponents.DragAndDropControls">
    <skipped/>
  </testcase> <!-- DroppableBox -->
</testsuite> <!-- Framework Test Suite -->
