<?xml version="1.0" encoding="UTF-8"?>
<!-- Generated by org.testng.reporters.JUnitXMLReporter -->
<testsuite hostname="Shree" ignored="0" name="Test Assignment" tests="5" failures="0" timestamp="09 Jul 2017 13:50:07 GMT" time="193.319" errors="0">
  <testcase name="login" time="43.133" classname="com.testAmazonWebsite.TestAmazon"/>
  <testcase name="verifySearchProduct" time="30.363" classname="com.testAmazonWebsite.TestAmazon"/>
  <testcase name="verifyProductDetailsandCheckout" time="82.428" classname="com.testAmazonWebsite.TestAmazon"/>
  <testcase name="verifyAvailablePaymentMethods" time="0.601" classname="com.testAmazonWebsite.TestAmazon"/>
  <testcase name="logout" time="16.901" classname="com.testAmazonWebsite.TestAmazon"/>
</testsuite> <!-- Test Assignment -->
