<?xml version="1.0" encoding="UTF-8"?>
<!-- Generated by org.testng.reporters.JUnitXMLReporter -->
<testsuite hostname="LP-5CD6290PDX" ignored="0" name="Test Framework" tests="5" failures="0" timestamp="12 Dec 2017 09:23:07 GMT" time="178.973" errors="0">
  <testcase name="AutocompleteBox" time="3.781" classname="com.way2AutomationComponents.AutoComplete"/>
  <testcase name="launchDatePickerControls" time="1.701" classname="com.way2AutomationComponents.DatePicker"/>
  <testcase name="defaultCalendar" time="13.617" classname="com.way2AutomationComponents.DatePicker"/>
  <testcase name="DraggableBox" time="2.06" classname="com.way2AutomationComponents.DragAndDropControls"/>
  <testcase name="DroppableBox" time="6.381" classname="com.way2AutomationComponents.DragAndDropControls"/>
</testsuite> <!-- Test Framework -->
